[debug] [2024-08-18T05:37:38.362Z] ----------------------------------------------------------------------
[debug] [2024-08-18T05:37:38.364Z] Command:       C:\Program Files\nodejs\node.exe C:\Users\Cezar\AppData\Roaming\npm\node_modules\firebase-tools\lib\bin\firebase.js deploy --only functions
[debug] [2024-08-18T05:37:38.365Z] CLI Version:   13.13.3
[debug] [2024-08-18T05:37:38.365Z] Platform:      win32
[debug] [2024-08-18T05:37:38.365Z] Node Version:  v20.13.1
[debug] [2024-08-18T05:37:38.365Z] Time:          Sun Aug 18 2024 08:37:38 GMT+0300 (Eastern European Summer Time)
[debug] [2024-08-18T05:37:38.365Z] ----------------------------------------------------------------------
[debug] 
[debug] [2024-08-18T05:37:38.419Z] > command requires scopes: ["email","openid","https://www.googleapis.com/auth/cloudplatformprojects.readonly","https://www.googleapis.com/auth/firebase","https://www.googleapis.com/auth/cloud-platform"]
[debug] [2024-08-18T05:37:38.420Z] > authorizing via signed-in user (cezar.branga2004@gmail.com)
[debug] [2024-08-18T05:37:38.420Z] [iam] checking project bitsite-9353e for permissions ["cloudfunctions.functions.create","cloudfunctions.functions.delete","cloudfunctions.functions.get","cloudfunctions.functions.list","cloudfunctions.functions.update","cloudfunctions.operations.get","firebase.projects.get"]
[debug] [2024-08-18T05:37:38.422Z] >>> [apiv2][query] POST https://cloudresourcemanager.googleapis.com/v1/projects/bitsite-9353e:testIamPermissions [none]
[debug] [2024-08-18T05:37:38.422Z] >>> [apiv2][(partial)header] POST https://cloudresourcemanager.googleapis.com/v1/projects/bitsite-9353e:testIamPermissions x-goog-quota-user=projects/bitsite-9353e
[debug] [2024-08-18T05:37:38.422Z] >>> [apiv2][body] POST https://cloudresourcemanager.googleapis.com/v1/projects/bitsite-9353e:testIamPermissions {"permissions":["cloudfunctions.functions.create","cloudfunctions.functions.delete","cloudfunctions.functions.get","cloudfunctions.functions.list","cloudfunctions.functions.update","cloudfunctions.operations.get","firebase.projects.get"]}
[debug] [2024-08-18T05:37:39.235Z] <<< [apiv2][status] POST https://cloudresourcemanager.googleapis.com/v1/projects/bitsite-9353e:testIamPermissions 200
[debug] [2024-08-18T05:37:39.235Z] <<< [apiv2][body] POST https://cloudresourcemanager.googleapis.com/v1/projects/bitsite-9353e:testIamPermissions {"permissions":["cloudfunctions.functions.create","cloudfunctions.functions.delete","cloudfunctions.functions.get","cloudfunctions.functions.list","cloudfunctions.functions.update","cloudfunctions.operations.get","firebase.projects.get"]}
[debug] [2024-08-18T05:37:39.235Z] >>> [apiv2][query] POST https://iam.googleapis.com/v1/projects/bitsite-9353e/serviceAccounts/bitsite-9353e@appspot.gserviceaccount.com:testIamPermissions [none]
[debug] [2024-08-18T05:37:39.235Z] >>> [apiv2][body] POST https://iam.googleapis.com/v1/projects/bitsite-9353e/serviceAccounts/bitsite-9353e@appspot.gserviceaccount.com:testIamPermissions {"permissions":["iam.serviceAccounts.actAs"]}
[debug] [2024-08-18T05:37:40.014Z] <<< [apiv2][status] POST https://iam.googleapis.com/v1/projects/bitsite-9353e/serviceAccounts/bitsite-9353e@appspot.gserviceaccount.com:testIamPermissions 200
[debug] [2024-08-18T05:37:40.014Z] <<< [apiv2][body] POST https://iam.googleapis.com/v1/projects/bitsite-9353e/serviceAccounts/bitsite-9353e@appspot.gserviceaccount.com:testIamPermissions {"permissions":["iam.serviceAccounts.actAs"]}
[info] 
[info] === Deploying to 'bitsite-9353e'...
[info] 
[info] i  deploying functions 
[info] Running command: npm --prefix "$RESOURCE_DIR" run build
[info] +  functions: Finished running predeploy script. 
[debug] [2024-08-18T05:37:44.683Z] >>> [apiv2][query] GET https://firebase.googleapis.com/v1beta1/projects/bitsite-9353e [none]
[debug] [2024-08-18T05:37:44.988Z] <<< [apiv2][status] GET https://firebase.googleapis.com/v1beta1/projects/bitsite-9353e 200
[debug] [2024-08-18T05:37:44.988Z] <<< [apiv2][body] GET https://firebase.googleapis.com/v1beta1/projects/bitsite-9353e {"projectId":"bitsite-9353e","projectNumber":"584640788324","displayName":"BiTSite","name":"projects/bitsite-9353e","resources":{"hostingSite":"bitsite-9353e","storageBucket":"bitsite-9353e.appspot.com","locationId":"europe-west"},"state":"ACTIVE","etag":"1_e67a95b7-b5da-47e6-bbd9-ecd7c43601c0"}
[info] i  functions: preparing codebase default for deployment 
[info] i  functions: ensuring required API cloudfunctions.googleapis.com is enabled... 
[info] i  functions: ensuring required API cloudbuild.googleapis.com is enabled... 
[info] i  artifactregistry: ensuring required API artifactregistry.googleapis.com is enabled... 
[debug] [2024-08-18T05:37:44.990Z] >>> [apiv2][query] GET https://serviceusage.googleapis.com/v1/projects/bitsite-9353e/services/cloudfunctions.googleapis.com [none]
[debug] [2024-08-18T05:37:44.990Z] >>> [apiv2][(partial)header] GET https://serviceusage.googleapis.com/v1/projects/bitsite-9353e/services/cloudfunctions.googleapis.com x-goog-quota-user=projects/bitsite-9353e
[debug] [2024-08-18T05:37:44.991Z] >>> [apiv2][query] GET https://serviceusage.googleapis.com/v1/projects/bitsite-9353e/services/runtimeconfig.googleapis.com [none]
[debug] [2024-08-18T05:37:44.991Z] >>> [apiv2][(partial)header] GET https://serviceusage.googleapis.com/v1/projects/bitsite-9353e/services/runtimeconfig.googleapis.com x-goog-quota-user=projects/bitsite-9353e
[debug] [2024-08-18T05:37:44.992Z] >>> [apiv2][query] GET https://serviceusage.googleapis.com/v1/projects/bitsite-9353e/services/cloudbuild.googleapis.com [none]
[debug] [2024-08-18T05:37:44.992Z] >>> [apiv2][(partial)header] GET https://serviceusage.googleapis.com/v1/projects/bitsite-9353e/services/cloudbuild.googleapis.com x-goog-quota-user=projects/bitsite-9353e
[debug] [2024-08-18T05:37:44.992Z] >>> [apiv2][query] GET https://serviceusage.googleapis.com/v1/projects/bitsite-9353e/services/artifactregistry.googleapis.com [none]
[debug] [2024-08-18T05:37:44.992Z] >>> [apiv2][(partial)header] GET https://serviceusage.googleapis.com/v1/projects/bitsite-9353e/services/artifactregistry.googleapis.com x-goog-quota-user=projects/bitsite-9353e
[debug] [2024-08-18T05:37:45.956Z] <<< [apiv2][status] GET https://serviceusage.googleapis.com/v1/projects/bitsite-9353e/services/runtimeconfig.googleapis.com 200
[debug] [2024-08-18T05:37:45.956Z] <<< [apiv2][body] GET https://serviceusage.googleapis.com/v1/projects/bitsite-9353e/services/runtimeconfig.googleapis.com [omitted]
[debug] [2024-08-18T05:37:45.968Z] <<< [apiv2][status] GET https://serviceusage.googleapis.com/v1/projects/bitsite-9353e/services/cloudbuild.googleapis.com 200
[debug] [2024-08-18T05:37:45.969Z] <<< [apiv2][body] GET https://serviceusage.googleapis.com/v1/projects/bitsite-9353e/services/cloudbuild.googleapis.com [omitted]
[info] +  functions: required API cloudbuild.googleapis.com is enabled 
[debug] [2024-08-18T05:37:45.984Z] <<< [apiv2][status] GET https://serviceusage.googleapis.com/v1/projects/bitsite-9353e/services/cloudfunctions.googleapis.com 200
[debug] [2024-08-18T05:37:45.984Z] <<< [apiv2][body] GET https://serviceusage.googleapis.com/v1/projects/bitsite-9353e/services/cloudfunctions.googleapis.com [omitted]
[info] +  functions: required API cloudfunctions.googleapis.com is enabled 
[debug] [2024-08-18T05:37:46.038Z] <<< [apiv2][status] GET https://serviceusage.googleapis.com/v1/projects/bitsite-9353e/services/artifactregistry.googleapis.com 200
[debug] [2024-08-18T05:37:46.038Z] <<< [apiv2][body] GET https://serviceusage.googleapis.com/v1/projects/bitsite-9353e/services/artifactregistry.googleapis.com [omitted]
[info] +  artifactregistry: required API artifactregistry.googleapis.com is enabled 
[debug] [2024-08-18T05:37:46.038Z] >>> [apiv2][query] GET https://firebase.googleapis.com/v1beta1/projects/bitsite-9353e/adminSdkConfig [none]
[debug] [2024-08-18T05:37:46.511Z] <<< [apiv2][status] GET https://firebase.googleapis.com/v1beta1/projects/bitsite-9353e/adminSdkConfig 200
[debug] [2024-08-18T05:37:46.511Z] <<< [apiv2][body] GET https://firebase.googleapis.com/v1beta1/projects/bitsite-9353e/adminSdkConfig {"projectId":"bitsite-9353e","storageBucket":"bitsite-9353e.appspot.com","locationId":"europe-west"}
[debug] [2024-08-18T05:37:46.511Z] >>> [apiv2][query] GET https://runtimeconfig.googleapis.com/v1beta1/projects/bitsite-9353e/configs [none]
[debug] [2024-08-18T05:37:46.745Z] <<< [apiv2][status] GET https://runtimeconfig.googleapis.com/v1beta1/projects/bitsite-9353e/configs 200
[debug] [2024-08-18T05:37:46.745Z] <<< [apiv2][body] GET https://runtimeconfig.googleapis.com/v1beta1/projects/bitsite-9353e/configs {"configs":[{"name":"projects/bitsite-9353e/configs/sendgrid"}]}
[debug] [2024-08-18T05:37:46.746Z] >>> [apiv2][query] GET https://runtimeconfig.googleapis.com/v1beta1/projects/bitsite-9353e/configs/sendgrid/variables [none]
[debug] [2024-08-18T05:37:46.915Z] <<< [apiv2][status] GET https://runtimeconfig.googleapis.com/v1beta1/projects/bitsite-9353e/configs/sendgrid/variables 200
[debug] [2024-08-18T05:37:46.915Z] <<< [apiv2][body] GET https://runtimeconfig.googleapis.com/v1beta1/projects/bitsite-9353e/configs/sendgrid/variables {"variables":[{"name":"projects/bitsite-9353e/configs/sendgrid/variables/key","updateTime":"2024-07-19T08:54:35.458550211Z"}]}
[debug] [2024-08-18T05:37:46.915Z] >>> [apiv2][query] GET https://runtimeconfig.googleapis.com/v1beta1/projects/bitsite-9353e/configs/sendgrid/variables/key [none]
[debug] [2024-08-18T05:37:47.085Z] <<< [apiv2][status] GET https://runtimeconfig.googleapis.com/v1beta1/projects/bitsite-9353e/configs/sendgrid/variables/key 200
[debug] [2024-08-18T05:37:47.085Z] <<< [apiv2][body] GET https://runtimeconfig.googleapis.com/v1beta1/projects/bitsite-9353e/configs/sendgrid/variables/key {"name":"projects/bitsite-9353e/configs/sendgrid/variables/key","updateTime":"2024-07-19T08:54:35.458550211Z","text":"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"}
[debug] [2024-08-18T05:37:47.087Z] Validating nodejs source
[debug] [2024-08-18T05:37:47.692Z] > [functions] package.json contents: {
  "name": "functions",
  "scripts": {
    "build": "tsc",
    "build:watch": "tsc --watch",
    "serve": "npm run build && firebase emulators:start --only functions",
    "shell": "npm run build && firebase functions:shell",
    "start": "npm run shell",
    "deploy": "firebase deploy --only functions",
    "logs": "firebase functions:log"
  },
  "engines": {
    "node": "18"
  },
  "main": "lib/index.js",
  "dependencies": {
    "@sendgrid/mail": "^8.1.3",
    "firebase-admin": "^12.1.0",
    "firebase-functions": "^5.0.0"
  },
  "devDependencies": {
    "firebase-functions-test": "^3.1.0",
    "typescript": "^4.9.0"
  },
  "private": true
}
[debug] [2024-08-18T05:37:47.692Z] Building nodejs source
[info] i  functions: Loading and analyzing source code for codebase default to determine what to deploy 
[debug] [2024-08-18T05:37:47.693Z] Could not find functions.yaml. Must use http discovery
[debug] [2024-08-18T05:37:47.703Z] Found firebase-functions binary at 'C:\Users\Cezar\Desktop\BiTSite\BiTSite\functions\node_modules\.bin\firebase-functions'
[info] Serving at port 8432

[debug] [2024-08-18T05:37:48.088Z] Got response from /__/functions.yaml {"endpoints":{"firestoreEmail":{"platform":"gcfv1","availableMemoryMb":null,"timeoutSeconds":null,"minInstances":null,"maxInstances":null,"ingressSettings":null,"serviceAccountEmail":null,"vpc":null,"eventTrigger":{"eventType":"providers/cloud.firestore/eventTypes/document.update","eventFilters":{"resource":"projects/bitsite-9353e/databases/(default)/documents/users/{userId}"},"retry":false},"labels":{},"entryPoint":"firestoreEmail"},"sendContactMessageEmail":{"platform":"gcfv1","availableMemoryMb":null,"timeoutSeconds":null,"minInstances":null,"maxInstances":null,"ingressSettings":null,"serviceAccountEmail":null,"vpc":null,"eventTrigger":{"eventType":"providers/cloud.firestore/eventTypes/document.create","eventFilters":{"resource":"projects/bitsite-9353e/databases/(default)/documents/contactMessages"},"retry":false},"labels":{},"entryPoint":"sendContactMessageEmail"}},"specVersion":"v1alpha1","requiredAPIs":[]}
[info] i  functions: preparing functions directory for uploading... 
[info] i  functions: packaged C:\Users\Cezar\Desktop\BiTSite\BiTSite\functions (66.46 KB) for uploading 
[debug] [2024-08-18T05:37:53.164Z] >>> [apiv2][query] GET https://cloudfunctions.googleapis.com/v1/projects/bitsite-9353e/locations/-/functions [none]
[debug] [2024-08-18T05:37:53.793Z] <<< [apiv2][status] GET https://cloudfunctions.googleapis.com/v1/projects/bitsite-9353e/locations/-/functions 200
[debug] [2024-08-18T05:37:53.793Z] <<< [apiv2][body] GET https://cloudfunctions.googleapis.com/v1/projects/bitsite-9353e/locations/-/functions {"functions":[{"name":"projects/bitsite-9353e/locations/us-central1/functions/firestoreEmail","eventTrigger":{"eventType":"providers/cloud.firestore/eventTypes/document.update","resource":"projects/bitsite-9353e/databases/(default)/documents/users/{userId}","service":"firestore.googleapis.com","failurePolicy":{}},"status":"ACTIVE","entryPoint":"firestoreEmail","timeout":"60s","availableMemoryMb":256,"serviceAccountEmail":"bitsite-9353e@appspot.gserviceaccount.com","updateTime":"2024-08-18T05:35:54.648Z","versionId":"31","labels":{"firebase-functions-hash":"0e8f12b6b03234491311f5f7520f0a0fbb65562c","deployment-tool":"cli-firebase"},"sourceUploadUrl":"https://storage.googleapis.com/uploads-1460896691.us-central1.cloudfunctions.appspot.com/9472e57c-e79b-45c5-8731-7fffa89fd66e.zip","environmentVariables":{"FIREBASE_CONFIG":"{\"projectId\":\"bitsite-9353e\",\"storageBucket\":\"bitsite-9353e.appspot.com\",\"locationId\":\"europe-west\"}","GCLOUD_PROJECT":"bitsite-9353e","EVENTARC_CLOUD_EVENT_SOURCE":"projects/bitsite-9353e/locations/us-central1/functions/firestoreEmail"},"runtime":"nodejs18","maxInstances":3000,"ingressSettings":"ALLOW_ALL","buildId":"0a84659c-acaa-4e12-ad45-52d9c2a0a79b","buildEnvironmentVariables":{"GOOGLE_NODE_RUN_SCRIPTS":""},"buildName":"projects/584640788324/locations/us-central1/builds/0a84659c-acaa-4e12-ad45-52d9c2a0a79b","dockerRegistry":"ARTIFACT_REGISTRY","automaticUpdatePolicy":{},"buildServiceAccount":"584640788324-compute@developer.gserviceaccount.com"},{"name":"projects/bitsite-9353e/locations/us-central1/functions/sendContactMessageEmail","eventTrigger":{"eventType":"providers/cloud.firestore/eventTypes/document.create","resource":"projects/bitsite-9353e/databases/(default)/documents/contactMessages/{documentId}","service":"firestore.googleapis.com","failurePolicy":{}},"status":"ACTIVE","entryPoint":"sendContactMessageEmail","timeout":"60s","availableMemoryMb":256,"serviceAccountEmail":"bitsite-9353e@appspot.gserviceaccount.com","updateTime":"2024-08-18T05:36:19.242Z","versionId":"5","labels":{"deployment-tool":"cli-firebase","firebase-functions-hash":"0e8f12b6b03234491311f5f7520f0a0fbb65562c"},"sourceUploadUrl":"https://storage.googleapis.com/uploads-1460896691.us-central1.cloudfunctions.appspot.com/9472e57c-e79b-45c5-8731-7fffa89fd66e.zip","environmentVariables":{"FIREBASE_CONFIG":"{\"projectId\":\"bitsite-9353e\",\"storageBucket\":\"bitsite-9353e.appspot.com\",\"locationId\":\"europe-west\"}","GCLOUD_PROJECT":"bitsite-9353e","EVENTARC_CLOUD_EVENT_SOURCE":"projects/bitsite-9353e/locations/us-central1/functions/sendContactMessageEmail"},"runtime":"nodejs18","maxInstances":3000,"ingressSettings":"ALLOW_ALL","buildId":"0a84659c-acaa-4e12-ad45-52d9c2a0a79b","buildEnvironmentVariables":{"GOOGLE_NODE_RUN_SCRIPTS":""},"buildName":"projects/584640788324/locations/us-central1/builds/0a84659c-acaa-4e12-ad45-52d9c2a0a79b","dockerRegistry":"ARTIFACT_REGISTRY","automaticUpdatePolicy":{},"buildServiceAccount":"584640788324-compute@developer.gserviceaccount.com"}]}
[debug] [2024-08-18T05:37:53.794Z] >>> [apiv2][query] GET https://cloudfunctions.googleapis.com/v2/projects/bitsite-9353e/locations/-/functions filter=environment%3D%22GEN_2%22
[debug] [2024-08-18T05:37:54.772Z] <<< [apiv2][status] GET https://cloudfunctions.googleapis.com/v2/projects/bitsite-9353e/locations/-/functions 200
[debug] [2024-08-18T05:37:54.772Z] <<< [apiv2][body] GET https://cloudfunctions.googleapis.com/v2/projects/bitsite-9353e/locations/-/functions {}
[debug] [2024-08-18T05:37:54.774Z] >>> [apiv2][query] GET https://firebase.googleapis.com/v1beta1/projects/bitsite-9353e [none]
[debug] [2024-08-18T05:37:55.005Z] <<< [apiv2][status] GET https://firebase.googleapis.com/v1beta1/projects/bitsite-9353e 200
[debug] [2024-08-18T05:37:55.005Z] <<< [apiv2][body] GET https://firebase.googleapis.com/v1beta1/projects/bitsite-9353e {"projectId":"bitsite-9353e","projectNumber":"584640788324","displayName":"BiTSite","name":"projects/bitsite-9353e","resources":{"hostingSite":"bitsite-9353e","storageBucket":"bitsite-9353e.appspot.com","locationId":"europe-west"},"state":"ACTIVE","etag":"1_e67a95b7-b5da-47e6-bbd9-ecd7c43601c0"}
[debug] [2024-08-18T05:37:55.006Z] >>> [apiv2][query] POST https://cloudfunctions.googleapis.com/v1/projects/bitsite-9353e/locations/us-central1/functions:generateUploadUrl [none]
[debug] [2024-08-18T05:37:55.006Z] >>> [apiv2][body] POST https://cloudfunctions.googleapis.com/v1/projects/bitsite-9353e/locations/us-central1/functions:generateUploadUrl {}
[debug] [2024-08-18T05:37:55.624Z] <<< [apiv2][status] POST https://cloudfunctions.googleapis.com/v1/projects/bitsite-9353e/locations/us-central1/functions:generateUploadUrl 200
[debug] [2024-08-18T05:37:55.624Z] <<< [apiv2][body] POST https://cloudfunctions.googleapis.com/v1/projects/bitsite-9353e/locations/us-central1/functions:generateUploadUrl {"uploadUrl":"https://storage.googleapis.com/uploads-1460896691.us-central1.cloudfunctions.appspot.com/272b1b87-47f2-4c28-8f4a-b594a83beb29.zip?GoogleAccessId=service-584640788324@gcf-admin-robot.iam.gserviceaccount.com&Expires=1723961284&Signature=hpQIgxl0idG4T9CVrrI%2B%2BJwt8IeAkShow0hBeS1IMnGi6nzDhfj9qCnFZByCZxmnHni8FNrKE4g4RKTwPiNKYBJBJiJ8jE8%2FgrwgDR64CLj6zhKpY90OG7Lga7TCH70h4%2BCNnWFKolHr5qlRpExV6sHdHHcgG53Q8sVbyB0wF7wELHIFPdn4EhPXbeOFDHfMPj70s7h6lXrxNiTw604bC7pqF5%2BKzEFvGz%2FQsHga2%2FuPzk65StyHqDH6BuuuXGjX%2FI40tD0dxpkzz8R9PTaBv2ABDmI%2FJSkw%2B9ES31EDP6b1ntXZ955pmEIlRm%2BVSrbp%2FhJOyOz0mF2K%2B7o8i5hhDQ%3D%3D"}
[debug] [2024-08-18T05:37:55.625Z] >>> [apiv2][query] PUT https://storage.googleapis.com/uploads-1460896691.us-central1.cloudfunctions.appspot.com/272b1b87-47f2-4c28-8f4a-b594a83beb29.zip GoogleAccessId=service-584640788324%40gcf-admin-robot.iam.gserviceaccount.com&Expires=1723961284&Signature=hpQIgxl0idG4T9CVrrI%2B%2BJwt8IeAkShow0hBeS1IMnGi6nzDhfj9qCnFZByCZxmnHni8FNrKE4g4RKTwPiNKYBJBJiJ8jE8%2FgrwgDR64CLj6zhKpY90OG7Lga7TCH70h4%2BCNnWFKolHr5qlRpExV6sHdHHcgG53Q8sVbyB0wF7wELHIFPdn4EhPXbeOFDHfMPj70s7h6lXrxNiTw604bC7pqF5%2BKzEFvGz%2FQsHga2%2FuPzk65StyHqDH6BuuuXGjX%2FI40tD0dxpkzz8R9PTaBv2ABDmI%2FJSkw%2B9ES31EDP6b1ntXZ955pmEIlRm%2BVSrbp%2FhJOyOz0mF2K%2B7o8i5hhDQ%3D%3D
[debug] [2024-08-18T05:37:55.625Z] >>> [apiv2][body] PUT https://storage.googleapis.com/uploads-1460896691.us-central1.cloudfunctions.appspot.com/272b1b87-47f2-4c28-8f4a-b594a83beb29.zip [stream]
[debug] [2024-08-18T05:37:56.796Z] <<< [apiv2][status] PUT https://storage.googleapis.com/uploads-1460896691.us-central1.cloudfunctions.appspot.com/272b1b87-47f2-4c28-8f4a-b594a83beb29.zip 200
[debug] [2024-08-18T05:37:56.796Z] <<< [apiv2][body] PUT https://storage.googleapis.com/uploads-1460896691.us-central1.cloudfunctions.appspot.com/272b1b87-47f2-4c28-8f4a-b594a83beb29.zip [omitted]
[info] +  functions: functions folder uploaded successfully 
[info] i  functions: updating Node.js 18 (1st Gen) function firestoreEmail(us-central1)... 
[info] i  functions: updating Node.js 18 (1st Gen) function sendContactMessageEmail(us-central1)... 
[debug] [2024-08-18T05:37:56.800Z] >>> [apiv2][query] PATCH https://cloudfunctions.googleapis.com/v1/projects/bitsite-9353e/locations/us-central1/functions/firestoreEmail updateMask=name%2CsourceUploadUrl%2CentryPoint%2Cruntime%2CdockerRegistry%2Clabels%2CeventTrigger.eventType%2CeventTrigger.resource%2CeventTrigger.failurePolicy%2CminInstances%2CmaxInstances%2CingressSettings%2CenvironmentVariables%2CserviceAccountEmail%2CavailableMemoryMb%2Ctimeout%2CvpcConnector%2CvpcConnectorEgressSettings%2CsourceToken%2CbuildEnvironmentVariables
[debug] [2024-08-18T05:37:56.800Z] >>> [apiv2][body] PATCH https://cloudfunctions.googleapis.com/v1/projects/bitsite-9353e/locations/us-central1/functions/firestoreEmail {"name":"projects/bitsite-9353e/locations/us-central1/functions/firestoreEmail","sourceUploadUrl":"https://storage.googleapis.com/uploads-1460896691.us-central1.cloudfunctions.appspot.com/272b1b87-47f2-4c28-8f4a-b594a83beb29.zip?GoogleAccessId=service-584640788324@gcf-admin-robot.iam.gserviceaccount.com&Expires=1723961284&Signature=hpQIgxl0idG4T9CVrrI%2B%2BJwt8IeAkShow0hBeS1IMnGi6nzDhfj9qCnFZByCZxmnHni8FNrKE4g4RKTwPiNKYBJBJiJ8jE8%2FgrwgDR64CLj6zhKpY90OG7Lga7TCH70h4%2BCNnWFKolHr5qlRpExV6sHdHHcgG53Q8sVbyB0wF7wELHIFPdn4EhPXbeOFDHfMPj70s7h6lXrxNiTw604bC7pqF5%2BKzEFvGz%2FQsHga2%2FuPzk65StyHqDH6BuuuXGjX%2FI40tD0dxpkzz8R9PTaBv2ABDmI%2FJSkw%2B9ES31EDP6b1ntXZ955pmEIlRm%2BVSrbp%2FhJOyOz0mF2K%2B7o8i5hhDQ%3D%3D","entryPoint":"firestoreEmail","runtime":"nodejs18","dockerRegistry":"ARTIFACT_REGISTRY","labels":{"deployment-tool":"cli-firebase","firebase-functions-hash":"00b7207f1ff192a05843d61f17ca7daa030585f0"},"eventTrigger":{"eventType":"providers/cloud.firestore/eventTypes/document.update","resource":"projects/bitsite-9353e/databases/(default)/documents/users/{userId}"},"minInstances":null,"maxInstances":null,"ingressSettings":null,"environmentVariables":{"FIREBASE_CONFIG":"{\"projectId\":\"bitsite-9353e\",\"storageBucket\":\"bitsite-9353e.appspot.com\",\"locationId\":\"europe-west\"}","GCLOUD_PROJECT":"bitsite-9353e","EVENTARC_CLOUD_EVENT_SOURCE":"projects/bitsite-9353e/locations/us-central1/functions/firestoreEmail"},"serviceAccountEmail":null,"availableMemoryMb":null,"timeout":null,"vpcConnector":null,"vpcConnectorEgressSettings":null,"buildEnvironmentVariables":{"GOOGLE_NODE_RUN_SCRIPTS":""}}
[debug] [2024-08-18T05:37:57.329Z] <<< [apiv2][status] PATCH https://cloudfunctions.googleapis.com/v1/projects/bitsite-9353e/locations/us-central1/functions/firestoreEmail 200
[debug] [2024-08-18T05:37:57.329Z] <<< [apiv2][body] PATCH https://cloudfunctions.googleapis.com/v1/projects/bitsite-9353e/locations/us-central1/functions/firestoreEmail {"name":"operations/Yml0c2l0ZS05MzUzZS91cy1jZW50cmFsMS9maXJlc3RvcmVFbWFpbC9QX0RRdTRWbjJmZw","metadata":{"@type":"type.googleapis.com/google.cloud.functions.v1.OperationMetadataV1","target":"projects/bitsite-9353e/locations/us-central1/functions/firestoreEmail","type":"UPDATE_FUNCTION","request":{"@type":"type.googleapis.com/google.cloud.functions.v1.CloudFunction","name":"projects/bitsite-9353e/locations/us-central1/functions/firestoreEmail","eventTrigger":{"eventType":"providers/cloud.firestore/eventTypes/document.update","resource":"projects/bitsite-9353e/databases/(default)/documents/users/{userId}","service":"firestore.googleapis.com"},"status":"ACTIVE","entryPoint":"firestoreEmail","updateTime":"2024-08-18T05:35:54.648Z","versionId":"31","labels":{"deployment-tool":"cli-firebase","firebase-functions-hash":"00b7207f1ff192a05843d61f17ca7daa030585f0"},"sourceUploadUrl":"https://storage.googleapis.com/uploads-1460896691.us-central1.cloudfunctions.appspot.com/272b1b87-47f2-4c28-8f4a-b594a83beb29.zip?GoogleAccessId=service-584640788324@gcf-admin-robot.iam.gserviceaccount.com&Expires=1723961284&Signature=hpQIgxl0idG4T9CVrrI%2B%2BJwt8IeAkShow0hBeS1IMnGi6nzDhfj9qCnFZByCZxmnHni8FNrKE4g4RKTwPiNKYBJBJiJ8jE8%2FgrwgDR64CLj6zhKpY90OG7Lga7TCH70h4%2BCNnWFKolHr5qlRpExV6sHdHHcgG53Q8sVbyB0wF7wELHIFPdn4EhPXbeOFDHfMPj70s7h6lXrxNiTw604bC7pqF5%2BKzEFvGz%2FQsHga2%2FuPzk65StyHqDH6BuuuXGjX%2FI40tD0dxpkzz8R9PTaBv2ABDmI%2FJSkw%2B9ES31EDP6b1ntXZ955pmEIlRm%2BVSrbp%2FhJOyOz0mF2K%2B7o8i5hhDQ%3D%3D","environmentVariables":{"FIREBASE_CONFIG":"{\"projectId\":\"bitsite-9353e\",\"storageBucket\":\"bitsite-9353e.appspot.com\",\"locationId\":\"europe-west\"}","GCLOUD_PROJECT":"bitsite-9353e","EVENTARC_CLOUD_EVENT_SOURCE":"projects/bitsite-9353e/locations/us-central1/functions/firestoreEmail"},"runtime":"nodejs18","buildId":"0a84659c-acaa-4e12-ad45-52d9c2a0a79b","buildEnvironmentVariables":{"GOOGLE_NODE_RUN_SCRIPTS":""},"buildName":"projects/584640788324/locations/us-central1/builds/0a84659c-acaa-4e12-ad45-52d9c2a0a79b","dockerRegistry":"ARTIFACT_REGISTRY","automaticUpdatePolicy":{},"buildServiceAccount":"584640788324-compute@developer.gserviceaccount.com"},"versionId":"32","updateTime":"2024-08-18T05:38:06Z"}}
[debug] [2024-08-18T05:37:57.330Z] >>> [apiv2][query] GET https://cloudfunctions.googleapis.com/v1/operations/Yml0c2l0ZS05MzUzZS91cy1jZW50cmFsMS9maXJlc3RvcmVFbWFpbC9QX0RRdTRWbjJmZw [none]
[debug] [2024-08-18T05:37:57.569Z] <<< [apiv2][status] GET https://cloudfunctions.googleapis.com/v1/operations/Yml0c2l0ZS05MzUzZS91cy1jZW50cmFsMS9maXJlc3RvcmVFbWFpbC9QX0RRdTRWbjJmZw 200
[debug] [2024-08-18T05:37:57.569Z] <<< [apiv2][body] GET https://cloudfunctions.googleapis.com/v1/operations/Yml0c2l0ZS05MzUzZS91cy1jZW50cmFsMS9maXJlc3RvcmVFbWFpbC9QX0RRdTRWbjJmZw {"name":"operations/Yml0c2l0ZS05MzUzZS91cy1jZW50cmFsMS9maXJlc3RvcmVFbWFpbC9QX0RRdTRWbjJmZw","metadata":{"@type":"type.googleapis.com/google.cloud.functions.v1.OperationMetadataV1","target":"projects/bitsite-9353e/locations/us-central1/functions/firestoreEmail","type":"UPDATE_FUNCTION","request":{"@type":"type.googleapis.com/google.cloud.functions.v1.CloudFunction","name":"projects/bitsite-9353e/locations/us-central1/functions/firestoreEmail","eventTrigger":{"eventType":"providers/cloud.firestore/eventTypes/document.update","resource":"projects/bitsite-9353e/databases/(default)/documents/users/{userId}","service":"firestore.googleapis.com"},"status":"ACTIVE","entryPoint":"firestoreEmail","updateTime":"2024-08-18T05:35:54.648Z","versionId":"31","labels":{"deployment-tool":"cli-firebase","firebase-functions-hash":"00b7207f1ff192a05843d61f17ca7daa030585f0"},"sourceUploadUrl":"https://storage.googleapis.com/uploads-1460896691.us-central1.cloudfunctions.appspot.com/272b1b87-47f2-4c28-8f4a-b594a83beb29.zip?GoogleAccessId=service-584640788324@gcf-admin-robot.iam.gserviceaccount.com&Expires=1723961284&Signature=hpQIgxl0idG4T9CVrrI%2B%2BJwt8IeAkShow0hBeS1IMnGi6nzDhfj9qCnFZByCZxmnHni8FNrKE4g4RKTwPiNKYBJBJiJ8jE8%2FgrwgDR64CLj6zhKpY90OG7Lga7TCH70h4%2BCNnWFKolHr5qlRpExV6sHdHHcgG53Q8sVbyB0wF7wELHIFPdn4EhPXbeOFDHfMPj70s7h6lXrxNiTw604bC7pqF5%2BKzEFvGz%2FQsHga2%2FuPzk65StyHqDH6BuuuXGjX%2FI40tD0dxpkzz8R9PTaBv2ABDmI%2FJSkw%2B9ES31EDP6b1ntXZ955pmEIlRm%2BVSrbp%2FhJOyOz0mF2K%2B7o8i5hhDQ%3D%3D","environmentVariables":{"FIREBASE_CONFIG":"{\"projectId\":\"bitsite-9353e\",\"storageBucket\":\"bitsite-9353e.appspot.com\",\"locationId\":\"europe-west\"}","GCLOUD_PROJECT":"bitsite-9353e","EVENTARC_CLOUD_EVENT_SOURCE":"projects/bitsite-9353e/locations/us-central1/functions/firestoreEmail"},"runtime":"nodejs18","buildId":"0a84659c-acaa-4e12-ad45-52d9c2a0a79b","buildEnvironmentVariables":{"GOOGLE_NODE_RUN_SCRIPTS":""},"buildName":"projects/584640788324/locations/us-central1/builds/0a84659c-acaa-4e12-ad45-52d9c2a0a79b","dockerRegistry":"ARTIFACT_REGISTRY","automaticUpdatePolicy":{},"buildServiceAccount":"584640788324-compute@developer.gserviceaccount.com"},"versionId":"32","updateTime":"2024-08-18T05:38:06Z"}}
[debug] [2024-08-18T05:37:58.085Z] [update-default-us-central1-firestoreEmail] Retrying task index 0
[debug] [2024-08-18T05:37:58.086Z] >>> [apiv2][query] GET https://cloudfunctions.googleapis.com/v1/operations/Yml0c2l0ZS05MzUzZS91cy1jZW50cmFsMS9maXJlc3RvcmVFbWFpbC9QX0RRdTRWbjJmZw [none]
[debug] [2024-08-18T05:37:58.323Z] <<< [apiv2][status] GET https://cloudfunctions.googleapis.com/v1/operations/Yml0c2l0ZS05MzUzZS91cy1jZW50cmFsMS9maXJlc3RvcmVFbWFpbC9QX0RRdTRWbjJmZw 200
[debug] [2024-08-18T05:37:58.323Z] <<< [apiv2][body] GET https://cloudfunctions.googleapis.com/v1/operations/Yml0c2l0ZS05MzUzZS91cy1jZW50cmFsMS9maXJlc3RvcmVFbWFpbC9QX0RRdTRWbjJmZw {"name":"operations/Yml0c2l0ZS05MzUzZS91cy1jZW50cmFsMS9maXJlc3RvcmVFbWFpbC9QX0RRdTRWbjJmZw","metadata":{"@type":"type.googleapis.com/google.cloud.functions.v1.OperationMetadataV1","target":"projects/bitsite-9353e/locations/us-central1/functions/firestoreEmail","type":"UPDATE_FUNCTION","request":{"@type":"type.googleapis.com/google.cloud.functions.v1.CloudFunction","name":"projects/bitsite-9353e/locations/us-central1/functions/firestoreEmail","eventTrigger":{"eventType":"providers/cloud.firestore/eventTypes/document.update","resource":"projects/bitsite-9353e/databases/(default)/documents/users/{userId}","service":"firestore.googleapis.com"},"status":"ACTIVE","entryPoint":"firestoreEmail","updateTime":"2024-08-18T05:35:54.648Z","versionId":"31","labels":{"deployment-tool":"cli-firebase","firebase-functions-hash":"00b7207f1ff192a05843d61f17ca7daa030585f0"},"sourceUploadUrl":"https://storage.googleapis.com/uploads-1460896691.us-central1.cloudfunctions.appspot.com/272b1b87-47f2-4c28-8f4a-b594a83beb29.zip?GoogleAccessId=service-584640788324@gcf-admin-robot.iam.gserviceaccount.com&Expires=1723961284&Signature=hpQIgxl0idG4T9CVrrI%2B%2BJwt8IeAkShow0hBeS1IMnGi6nzDhfj9qCnFZByCZxmnHni8FNrKE4g4RKTwPiNKYBJBJiJ8jE8%2FgrwgDR64CLj6zhKpY90OG7Lga7TCH70h4%2BCNnWFKolHr5qlRpExV6sHdHHcgG53Q8sVbyB0wF7wELHIFPdn4EhPXbeOFDHfMPj70s7h6lXrxNiTw604bC7pqF5%2BKzEFvGz%2FQsHga2%2FuPzk65StyHqDH6BuuuXGjX%2FI40tD0dxpkzz8R9PTaBv2ABDmI%2FJSkw%2B9ES31EDP6b1ntXZ955pmEIlRm%2BVSrbp%2FhJOyOz0mF2K%2B7o8i5hhDQ%3D%3D","environmentVariables":{"FIREBASE_CONFIG":"{\"projectId\":\"bitsite-9353e\",\"storageBucket\":\"bitsite-9353e.appspot.com\",\"locationId\":\"europe-west\"}","GCLOUD_PROJECT":"bitsite-9353e","EVENTARC_CLOUD_EVENT_SOURCE":"projects/bitsite-9353e/locations/us-central1/functions/firestoreEmail"},"runtime":"nodejs18","buildId":"0a84659c-acaa-4e12-ad45-52d9c2a0a79b","buildEnvironmentVariables":{"GOOGLE_NODE_RUN_SCRIPTS":""},"buildName":"projects/584640788324/locations/us-central1/builds/0a84659c-acaa-4e12-ad45-52d9c2a0a79b","dockerRegistry":"ARTIFACT_REGISTRY","automaticUpdatePolicy":{},"buildServiceAccount":"584640788324-compute@developer.gserviceaccount.com"},"versionId":"32","updateTime":"2024-08-18T05:38:06Z","buildId":"6fdb59da-cdd9-4b52-a835-705b1d4dc9b8","buildName":"projects/584640788324/locations/us-central1/builds/6fdb59da-cdd9-4b52-a835-705b1d4dc9b8"}}
[debug] [2024-08-18T05:37:59.332Z] [update-default-us-central1-firestoreEmail] Retrying task index 0
[debug] [2024-08-18T05:37:59.332Z] >>> [apiv2][query] GET https://cloudfunctions.googleapis.com/v1/operations/Yml0c2l0ZS05MzUzZS91cy1jZW50cmFsMS9maXJlc3RvcmVFbWFpbC9QX0RRdTRWbjJmZw [none]
[debug] [2024-08-18T05:37:59.536Z] <<< [apiv2][status] GET https://cloudfunctions.googleapis.com/v1/operations/Yml0c2l0ZS05MzUzZS91cy1jZW50cmFsMS9maXJlc3RvcmVFbWFpbC9QX0RRdTRWbjJmZw 200
[debug] [2024-08-18T05:37:59.536Z] <<< [apiv2][body] GET https://cloudfunctions.googleapis.com/v1/operations/Yml0c2l0ZS05MzUzZS91cy1jZW50cmFsMS9maXJlc3RvcmVFbWFpbC9QX0RRdTRWbjJmZw {"name":"operations/Yml0c2l0ZS05MzUzZS91cy1jZW50cmFsMS9maXJlc3RvcmVFbWFpbC9QX0RRdTRWbjJmZw","metadata":{"@type":"type.googleapis.com/google.cloud.functions.v1.OperationMetadataV1","target":"projects/bitsite-9353e/locations/us-central1/functions/firestoreEmail","type":"UPDATE_FUNCTION","request":{"@type":"type.googleapis.com/google.cloud.functions.v1.CloudFunction","name":"projects/bitsite-9353e/locations/us-central1/functions/firestoreEmail","eventTrigger":{"eventType":"providers/cloud.firestore/eventTypes/document.update","resource":"projects/bitsite-9353e/databases/(default)/documents/users/{userId}","service":"firestore.googleapis.com"},"status":"ACTIVE","entryPoint":"firestoreEmail","updateTime":"2024-08-18T05:35:54.648Z","versionId":"31","labels":{"deployment-tool":"cli-firebase","firebase-functions-hash":"00b7207f1ff192a05843d61f17ca7daa030585f0"},"sourceUploadUrl":"https://storage.googleapis.com/uploads-1460896691.us-central1.cloudfunctions.appspot.com/272b1b87-47f2-4c28-8f4a-b594a83beb29.zip?GoogleAccessId=service-584640788324@gcf-admin-robot.iam.gserviceaccount.com&Expires=1723961284&Signature=hpQIgxl0idG4T9CVrrI%2B%2BJwt8IeAkShow0hBeS1IMnGi6nzDhfj9qCnFZByCZxmnHni8FNrKE4g4RKTwPiNKYBJBJiJ8jE8%2FgrwgDR64CLj6zhKpY90OG7Lga7TCH70h4%2BCNnWFKolHr5qlRpExV6sHdHHcgG53Q8sVbyB0wF7wELHIFPdn4EhPXbeOFDHfMPj70s7h6lXrxNiTw604bC7pqF5%2BKzEFvGz%2FQsHga2%2FuPzk65StyHqDH6BuuuXGjX%2FI40tD0dxpkzz8R9PTaBv2ABDmI%2FJSkw%2B9ES31EDP6b1ntXZ955pmEIlRm%2BVSrbp%2FhJOyOz0mF2K%2B7o8i5hhDQ%3D%3D","environmentVariables":{"FIREBASE_CONFIG":"{\"projectId\":\"bitsite-9353e\",\"storageBucket\":\"bitsite-9353e.appspot.com\",\"locationId\":\"europe-west\"}","GCLOUD_PROJECT":"bitsite-9353e","EVENTARC_CLOUD_EVENT_SOURCE":"projects/bitsite-9353e/locations/us-central1/functions/firestoreEmail"},"runtime":"nodejs18","buildId":"0a84659c-acaa-4e12-ad45-52d9c2a0a79b","buildEnvironmentVariables":{"GOOGLE_NODE_RUN_SCRIPTS":""},"buildName":"projects/584640788324/locations/us-central1/builds/0a84659c-acaa-4e12-ad45-52d9c2a0a79b","dockerRegistry":"ARTIFACT_REGISTRY","automaticUpdatePolicy":{},"buildServiceAccount":"584640788324-compute@developer.gserviceaccount.com"},"versionId":"32","updateTime":"2024-08-18T05:38:06Z","buildId":"6fdb59da-cdd9-4b52-a835-705b1d4dc9b8","buildName":"projects/584640788324/locations/us-central1/builds/6fdb59da-cdd9-4b52-a835-705b1d4dc9b8"}}
[debug] [2024-08-18T05:38:01.545Z] [update-default-us-central1-firestoreEmail] Retrying task index 0
[debug] [2024-08-18T05:38:01.545Z] >>> [apiv2][query] GET https://cloudfunctions.googleapis.com/v1/operations/Yml0c2l0ZS05MzUzZS91cy1jZW50cmFsMS9maXJlc3RvcmVFbWFpbC9QX0RRdTRWbjJmZw [none]
[debug] [2024-08-18T05:38:01.732Z] <<< [apiv2][status] GET https://cloudfunctions.googleapis.com/v1/operations/Yml0c2l0ZS05MzUzZS91cy1jZW50cmFsMS9maXJlc3RvcmVFbWFpbC9QX0RRdTRWbjJmZw 200
[debug] [2024-08-18T05:38:01.732Z] <<< [apiv2][body] GET https://cloudfunctions.googleapis.com/v1/operations/Yml0c2l0ZS05MzUzZS91cy1jZW50cmFsMS9maXJlc3RvcmVFbWFpbC9QX0RRdTRWbjJmZw {"name":"operations/Yml0c2l0ZS05MzUzZS91cy1jZW50cmFsMS9maXJlc3RvcmVFbWFpbC9QX0RRdTRWbjJmZw","metadata":{"@type":"type.googleapis.com/google.cloud.functions.v1.OperationMetadataV1","target":"projects/bitsite-9353e/locations/us-central1/functions/firestoreEmail","type":"UPDATE_FUNCTION","request":{"@type":"type.googleapis.com/google.cloud.functions.v1.CloudFunction","name":"projects/bitsite-9353e/locations/us-central1/functions/firestoreEmail","eventTrigger":{"eventType":"providers/cloud.firestore/eventTypes/document.update","resource":"projects/bitsite-9353e/databases/(default)/documents/users/{userId}","service":"firestore.googleapis.com"},"status":"ACTIVE","entryPoint":"firestoreEmail","updateTime":"2024-08-18T05:35:54.648Z","versionId":"31","labels":{"deployment-tool":"cli-firebase","firebase-functions-hash":"00b7207f1ff192a05843d61f17ca7daa030585f0"},"sourceUploadUrl":"https://storage.googleapis.com/uploads-1460896691.us-central1.cloudfunctions.appspot.com/272b1b87-47f2-4c28-8f4a-b594a83beb29.zip?GoogleAccessId=service-584640788324@gcf-admin-robot.iam.gserviceaccount.com&Expires=1723961284&Signature=hpQIgxl0idG4T9CVrrI%2B%2BJwt8IeAkShow0hBeS1IMnGi6nzDhfj9qCnFZByCZxmnHni8FNrKE4g4RKTwPiNKYBJBJiJ8jE8%2FgrwgDR64CLj6zhKpY90OG7Lga7TCH70h4%2BCNnWFKolHr5qlRpExV6sHdHHcgG53Q8sVbyB0wF7wELHIFPdn4EhPXbeOFDHfMPj70s7h6lXrxNiTw604bC7pqF5%2BKzEFvGz%2FQsHga2%2FuPzk65StyHqDH6BuuuXGjX%2FI40tD0dxpkzz8R9PTaBv2ABDmI%2FJSkw%2B9ES31EDP6b1ntXZ955pmEIlRm%2BVSrbp%2FhJOyOz0mF2K%2B7o8i5hhDQ%3D%3D","environmentVariables":{"FIREBASE_CONFIG":"{\"projectId\":\"bitsite-9353e\",\"storageBucket\":\"bitsite-9353e.appspot.com\",\"locationId\":\"europe-west\"}","GCLOUD_PROJECT":"bitsite-9353e","EVENTARC_CLOUD_EVENT_SOURCE":"projects/bitsite-9353e/locations/us-central1/functions/firestoreEmail"},"runtime":"nodejs18","buildId":"0a84659c-acaa-4e12-ad45-52d9c2a0a79b","buildEnvironmentVariables":{"GOOGLE_NODE_RUN_SCRIPTS":""},"buildName":"projects/584640788324/locations/us-central1/builds/0a84659c-acaa-4e12-ad45-52d9c2a0a79b","dockerRegistry":"ARTIFACT_REGISTRY","automaticUpdatePolicy":{},"buildServiceAccount":"584640788324-compute@developer.gserviceaccount.com"},"versionId":"32","updateTime":"2024-08-18T05:38:06Z","buildId":"6fdb59da-cdd9-4b52-a835-705b1d4dc9b8","buildName":"projects/584640788324/locations/us-central1/builds/6fdb59da-cdd9-4b52-a835-705b1d4dc9b8"}}
[debug] [2024-08-18T05:38:05.747Z] [update-default-us-central1-firestoreEmail] Retrying task index 0
[debug] [2024-08-18T05:38:05.747Z] >>> [apiv2][query] GET https://cloudfunctions.googleapis.com/v1/operations/Yml0c2l0ZS05MzUzZS91cy1jZW50cmFsMS9maXJlc3RvcmVFbWFpbC9QX0RRdTRWbjJmZw [none]
[debug] [2024-08-18T05:38:05.955Z] <<< [apiv2][status] GET https://cloudfunctions.googleapis.com/v1/operations/Yml0c2l0ZS05MzUzZS91cy1jZW50cmFsMS9maXJlc3RvcmVFbWFpbC9QX0RRdTRWbjJmZw 200
[debug] [2024-08-18T05:38:05.955Z] <<< [apiv2][body] GET https://cloudfunctions.googleapis.com/v1/operations/Yml0c2l0ZS05MzUzZS91cy1jZW50cmFsMS9maXJlc3RvcmVFbWFpbC9QX0RRdTRWbjJmZw {"name":"operations/Yml0c2l0ZS05MzUzZS91cy1jZW50cmFsMS9maXJlc3RvcmVFbWFpbC9QX0RRdTRWbjJmZw","metadata":{"@type":"type.googleapis.com/google.cloud.functions.v1.OperationMetadataV1","target":"projects/bitsite-9353e/locations/us-central1/functions/firestoreEmail","type":"UPDATE_FUNCTION","request":{"@type":"type.googleapis.com/google.cloud.functions.v1.CloudFunction","name":"projects/bitsite-9353e/locations/us-central1/functions/firestoreEmail","eventTrigger":{"eventType":"providers/cloud.firestore/eventTypes/document.update","resource":"projects/bitsite-9353e/databases/(default)/documents/users/{userId}","service":"firestore.googleapis.com"},"status":"ACTIVE","entryPoint":"firestoreEmail","updateTime":"2024-08-18T05:35:54.648Z","versionId":"31","labels":{"deployment-tool":"cli-firebase","firebase-functions-hash":"00b7207f1ff192a05843d61f17ca7daa030585f0"},"sourceUploadUrl":"https://storage.googleapis.com/uploads-1460896691.us-central1.cloudfunctions.appspot.com/272b1b87-47f2-4c28-8f4a-b594a83beb29.zip?GoogleAccessId=service-584640788324@gcf-admin-robot.iam.gserviceaccount.com&Expires=1723961284&Signature=hpQIgxl0idG4T9CVrrI%2B%2BJwt8IeAkShow0hBeS1IMnGi6nzDhfj9qCnFZByCZxmnHni8FNrKE4g4RKTwPiNKYBJBJiJ8jE8%2FgrwgDR64CLj6zhKpY90OG7Lga7TCH70h4%2BCNnWFKolHr5qlRpExV6sHdHHcgG53Q8sVbyB0wF7wELHIFPdn4EhPXbeOFDHfMPj70s7h6lXrxNiTw604bC7pqF5%2BKzEFvGz%2FQsHga2%2FuPzk65StyHqDH6BuuuXGjX%2FI40tD0dxpkzz8R9PTaBv2ABDmI%2FJSkw%2B9ES31EDP6b1ntXZ955pmEIlRm%2BVSrbp%2FhJOyOz0mF2K%2B7o8i5hhDQ%3D%3D","environmentVariables":{"FIREBASE_CONFIG":"{\"projectId\":\"bitsite-9353e\",\"storageBucket\":\"bitsite-9353e.appspot.com\",\"locationId\":\"europe-west\"}","GCLOUD_PROJECT":"bitsite-9353e","EVENTARC_CLOUD_EVENT_SOURCE":"projects/bitsite-9353e/locations/us-central1/functions/firestoreEmail"},"runtime":"nodejs18","buildId":"0a84659c-acaa-4e12-ad45-52d9c2a0a79b","buildEnvironmentVariables":{"GOOGLE_NODE_RUN_SCRIPTS":""},"buildName":"projects/584640788324/locations/us-central1/builds/0a84659c-acaa-4e12-ad45-52d9c2a0a79b","dockerRegistry":"ARTIFACT_REGISTRY","automaticUpdatePolicy":{},"buildServiceAccount":"584640788324-compute@developer.gserviceaccount.com"},"versionId":"32","updateTime":"2024-08-18T05:38:06Z","buildId":"6fdb59da-cdd9-4b52-a835-705b1d4dc9b8","buildName":"projects/584640788324/locations/us-central1/builds/6fdb59da-cdd9-4b52-a835-705b1d4dc9b8"}}
[debug] [2024-08-18T05:38:13.967Z] [update-default-us-central1-firestoreEmail] Retrying task index 0
[debug] [2024-08-18T05:38:13.967Z] >>> [apiv2][query] GET https://cloudfunctions.googleapis.com/v1/operations/Yml0c2l0ZS05MzUzZS91cy1jZW50cmFsMS9maXJlc3RvcmVFbWFpbC9QX0RRdTRWbjJmZw [none]
[debug] [2024-08-18T05:38:14.246Z] <<< [apiv2][status] GET https://cloudfunctions.googleapis.com/v1/operations/Yml0c2l0ZS05MzUzZS91cy1jZW50cmFsMS9maXJlc3RvcmVFbWFpbC9QX0RRdTRWbjJmZw 200
[debug] [2024-08-18T05:38:14.246Z] <<< [apiv2][body] GET https://cloudfunctions.googleapis.com/v1/operations/Yml0c2l0ZS05MzUzZS91cy1jZW50cmFsMS9maXJlc3RvcmVFbWFpbC9QX0RRdTRWbjJmZw {"name":"operations/Yml0c2l0ZS05MzUzZS91cy1jZW50cmFsMS9maXJlc3RvcmVFbWFpbC9QX0RRdTRWbjJmZw","metadata":{"@type":"type.googleapis.com/google.cloud.functions.v1.OperationMetadataV1","target":"projects/bitsite-9353e/locations/us-central1/functions/firestoreEmail","type":"UPDATE_FUNCTION","request":{"@type":"type.googleapis.com/google.cloud.functions.v1.CloudFunction","name":"projects/bitsite-9353e/locations/us-central1/functions/firestoreEmail","eventTrigger":{"eventType":"providers/cloud.firestore/eventTypes/document.update","resource":"projects/bitsite-9353e/databases/(default)/documents/users/{userId}","service":"firestore.googleapis.com"},"status":"ACTIVE","entryPoint":"firestoreEmail","updateTime":"2024-08-18T05:35:54.648Z","versionId":"31","labels":{"deployment-tool":"cli-firebase","firebase-functions-hash":"00b7207f1ff192a05843d61f17ca7daa030585f0"},"sourceUploadUrl":"https://storage.googleapis.com/uploads-1460896691.us-central1.cloudfunctions.appspot.com/272b1b87-47f2-4c28-8f4a-b594a83beb29.zip?GoogleAccessId=service-584640788324@gcf-admin-robot.iam.gserviceaccount.com&Expires=1723961284&Signature=hpQIgxl0idG4T9CVrrI%2B%2BJwt8IeAkShow0hBeS1IMnGi6nzDhfj9qCnFZByCZxmnHni8FNrKE4g4RKTwPiNKYBJBJiJ8jE8%2FgrwgDR64CLj6zhKpY90OG7Lga7TCH70h4%2BCNnWFKolHr5qlRpExV6sHdHHcgG53Q8sVbyB0wF7wELHIFPdn4EhPXbeOFDHfMPj70s7h6lXrxNiTw604bC7pqF5%2BKzEFvGz%2FQsHga2%2FuPzk65StyHqDH6BuuuXGjX%2FI40tD0dxpkzz8R9PTaBv2ABDmI%2FJSkw%2B9ES31EDP6b1ntXZ955pmEIlRm%2BVSrbp%2FhJOyOz0mF2K%2B7o8i5hhDQ%3D%3D","environmentVariables":{"FIREBASE_CONFIG":"{\"projectId\":\"bitsite-9353e\",\"storageBucket\":\"bitsite-9353e.appspot.com\",\"locationId\":\"europe-west\"}","GCLOUD_PROJECT":"bitsite-9353e","EVENTARC_CLOUD_EVENT_SOURCE":"projects/bitsite-9353e/locations/us-central1/functions/firestoreEmail"},"runtime":"nodejs18","buildId":"0a84659c-acaa-4e12-ad45-52d9c2a0a79b","buildEnvironmentVariables":{"GOOGLE_NODE_RUN_SCRIPTS":""},"buildName":"projects/584640788324/locations/us-central1/builds/0a84659c-acaa-4e12-ad45-52d9c2a0a79b","dockerRegistry":"ARTIFACT_REGISTRY","automaticUpdatePolicy":{},"buildServiceAccount":"584640788324-compute@developer.gserviceaccount.com"},"versionId":"32","updateTime":"2024-08-18T05:38:06Z","buildId":"6fdb59da-cdd9-4b52-a835-705b1d4dc9b8","buildName":"projects/584640788324/locations/us-central1/builds/6fdb59da-cdd9-4b52-a835-705b1d4dc9b8"}}
[debug] [2024-08-18T05:38:24.258Z] [update-default-us-central1-firestoreEmail] Retrying task index 0
[debug] [2024-08-18T05:38:24.258Z] >>> [apiv2][query] GET https://cloudfunctions.googleapis.com/v1/operations/Yml0c2l0ZS05MzUzZS91cy1jZW50cmFsMS9maXJlc3RvcmVFbWFpbC9QX0RRdTRWbjJmZw [none]
[debug] [2024-08-18T05:38:24.534Z] <<< [apiv2][status] GET https://cloudfunctions.googleapis.com/v1/operations/Yml0c2l0ZS05MzUzZS91cy1jZW50cmFsMS9maXJlc3RvcmVFbWFpbC9QX0RRdTRWbjJmZw 200
[debug] [2024-08-18T05:38:24.534Z] <<< [apiv2][body] GET https://cloudfunctions.googleapis.com/v1/operations/Yml0c2l0ZS05MzUzZS91cy1jZW50cmFsMS9maXJlc3RvcmVFbWFpbC9QX0RRdTRWbjJmZw {"name":"operations/Yml0c2l0ZS05MzUzZS91cy1jZW50cmFsMS9maXJlc3RvcmVFbWFpbC9QX0RRdTRWbjJmZw","metadata":{"@type":"type.googleapis.com/google.cloud.functions.v1.OperationMetadataV1","target":"projects/bitsite-9353e/locations/us-central1/functions/firestoreEmail","type":"UPDATE_FUNCTION","request":{"@type":"type.googleapis.com/google.cloud.functions.v1.CloudFunction","name":"projects/bitsite-9353e/locations/us-central1/functions/firestoreEmail","eventTrigger":{"eventType":"providers/cloud.firestore/eventTypes/document.update","resource":"projects/bitsite-9353e/databases/(default)/documents/users/{userId}","service":"firestore.googleapis.com"},"status":"ACTIVE","entryPoint":"firestoreEmail","updateTime":"2024-08-18T05:35:54.648Z","versionId":"31","labels":{"deployment-tool":"cli-firebase","firebase-functions-hash":"00b7207f1ff192a05843d61f17ca7daa030585f0"},"sourceUploadUrl":"https://storage.googleapis.com/uploads-1460896691.us-central1.cloudfunctions.appspot.com/272b1b87-47f2-4c28-8f4a-b594a83beb29.zip?GoogleAccessId=service-584640788324@gcf-admin-robot.iam.gserviceaccount.com&Expires=1723961284&Signature=hpQIgxl0idG4T9CVrrI%2B%2BJwt8IeAkShow0hBeS1IMnGi6nzDhfj9qCnFZByCZxmnHni8FNrKE4g4RKTwPiNKYBJBJiJ8jE8%2FgrwgDR64CLj6zhKpY90OG7Lga7TCH70h4%2BCNnWFKolHr5qlRpExV6sHdHHcgG53Q8sVbyB0wF7wELHIFPdn4EhPXbeOFDHfMPj70s7h6lXrxNiTw604bC7pqF5%2BKzEFvGz%2FQsHga2%2FuPzk65StyHqDH6BuuuXGjX%2FI40tD0dxpkzz8R9PTaBv2ABDmI%2FJSkw%2B9ES31EDP6b1ntXZ955pmEIlRm%2BVSrbp%2FhJOyOz0mF2K%2B7o8i5hhDQ%3D%3D","environmentVariables":{"FIREBASE_CONFIG":"{\"projectId\":\"bitsite-9353e\",\"storageBucket\":\"bitsite-9353e.appspot.com\",\"locationId\":\"europe-west\"}","GCLOUD_PROJECT":"bitsite-9353e","EVENTARC_CLOUD_EVENT_SOURCE":"projects/bitsite-9353e/locations/us-central1/functions/firestoreEmail"},"runtime":"nodejs18","buildId":"0a84659c-acaa-4e12-ad45-52d9c2a0a79b","buildEnvironmentVariables":{"GOOGLE_NODE_RUN_SCRIPTS":""},"buildName":"projects/584640788324/locations/us-central1/builds/0a84659c-acaa-4e12-ad45-52d9c2a0a79b","dockerRegistry":"ARTIFACT_REGISTRY","automaticUpdatePolicy":{},"buildServiceAccount":"584640788324-compute@developer.gserviceaccount.com"},"versionId":"32","updateTime":"2024-08-18T05:38:06Z","buildId":"6fdb59da-cdd9-4b52-a835-705b1d4dc9b8","buildName":"projects/584640788324/locations/us-central1/builds/6fdb59da-cdd9-4b52-a835-705b1d4dc9b8"}}
[debug] [2024-08-18T05:38:34.548Z] [update-default-us-central1-firestoreEmail] Retrying task index 0
[debug] [2024-08-18T05:38:34.548Z] >>> [apiv2][query] GET https://cloudfunctions.googleapis.com/v1/operations/Yml0c2l0ZS05MzUzZS91cy1jZW50cmFsMS9maXJlc3RvcmVFbWFpbC9QX0RRdTRWbjJmZw [none]
[debug] [2024-08-18T05:38:34.791Z] <<< [apiv2][status] GET https://cloudfunctions.googleapis.com/v1/operations/Yml0c2l0ZS05MzUzZS91cy1jZW50cmFsMS9maXJlc3RvcmVFbWFpbC9QX0RRdTRWbjJmZw 200
[debug] [2024-08-18T05:38:34.791Z] <<< [apiv2][body] GET https://cloudfunctions.googleapis.com/v1/operations/Yml0c2l0ZS05MzUzZS91cy1jZW50cmFsMS9maXJlc3RvcmVFbWFpbC9QX0RRdTRWbjJmZw {"name":"operations/Yml0c2l0ZS05MzUzZS91cy1jZW50cmFsMS9maXJlc3RvcmVFbWFpbC9QX0RRdTRWbjJmZw","metadata":{"@type":"type.googleapis.com/google.cloud.functions.v1.OperationMetadataV1","target":"projects/bitsite-9353e/locations/us-central1/functions/firestoreEmail","type":"UPDATE_FUNCTION","request":{"@type":"type.googleapis.com/google.cloud.functions.v1.CloudFunction","name":"projects/bitsite-9353e/locations/us-central1/functions/firestoreEmail","eventTrigger":{"eventType":"providers/cloud.firestore/eventTypes/document.update","resource":"projects/bitsite-9353e/databases/(default)/documents/users/{userId}","service":"firestore.googleapis.com"},"status":"ACTIVE","entryPoint":"firestoreEmail","updateTime":"2024-08-18T05:35:54.648Z","versionId":"31","labels":{"deployment-tool":"cli-firebase","firebase-functions-hash":"00b7207f1ff192a05843d61f17ca7daa030585f0"},"sourceUploadUrl":"https://storage.googleapis.com/uploads-1460896691.us-central1.cloudfunctions.appspot.com/272b1b87-47f2-4c28-8f4a-b594a83beb29.zip?GoogleAccessId=service-584640788324@gcf-admin-robot.iam.gserviceaccount.com&Expires=1723961284&Signature=hpQIgxl0idG4T9CVrrI%2B%2BJwt8IeAkShow0hBeS1IMnGi6nzDhfj9qCnFZByCZxmnHni8FNrKE4g4RKTwPiNKYBJBJiJ8jE8%2FgrwgDR64CLj6zhKpY90OG7Lga7TCH70h4%2BCNnWFKolHr5qlRpExV6sHdHHcgG53Q8sVbyB0wF7wELHIFPdn4EhPXbeOFDHfMPj70s7h6lXrxNiTw604bC7pqF5%2BKzEFvGz%2FQsHga2%2FuPzk65StyHqDH6BuuuXGjX%2FI40tD0dxpkzz8R9PTaBv2ABDmI%2FJSkw%2B9ES31EDP6b1ntXZ955pmEIlRm%2BVSrbp%2FhJOyOz0mF2K%2B7o8i5hhDQ%3D%3D","environmentVariables":{"FIREBASE_CONFIG":"{\"projectId\":\"bitsite-9353e\",\"storageBucket\":\"bitsite-9353e.appspot.com\",\"locationId\":\"europe-west\"}","GCLOUD_PROJECT":"bitsite-9353e","EVENTARC_CLOUD_EVENT_SOURCE":"projects/bitsite-9353e/locations/us-central1/functions/firestoreEmail"},"runtime":"nodejs18","buildId":"0a84659c-acaa-4e12-ad45-52d9c2a0a79b","buildEnvironmentVariables":{"GOOGLE_NODE_RUN_SCRIPTS":""},"buildName":"projects/584640788324/locations/us-central1/builds/0a84659c-acaa-4e12-ad45-52d9c2a0a79b","dockerRegistry":"ARTIFACT_REGISTRY","automaticUpdatePolicy":{},"buildServiceAccount":"584640788324-compute@developer.gserviceaccount.com"},"versionId":"32","updateTime":"2024-08-18T05:38:06Z","buildId":"6fdb59da-cdd9-4b52-a835-705b1d4dc9b8","buildName":"projects/584640788324/locations/us-central1/builds/6fdb59da-cdd9-4b52-a835-705b1d4dc9b8"}}
[debug] [2024-08-18T05:38:44.801Z] [update-default-us-central1-firestoreEmail] Retrying task index 0
[debug] [2024-08-18T05:38:44.801Z] >>> [apiv2][query] GET https://cloudfunctions.googleapis.com/v1/operations/Yml0c2l0ZS05MzUzZS91cy1jZW50cmFsMS9maXJlc3RvcmVFbWFpbC9QX0RRdTRWbjJmZw [none]
[debug] [2024-08-18T05:38:45.073Z] <<< [apiv2][status] GET https://cloudfunctions.googleapis.com/v1/operations/Yml0c2l0ZS05MzUzZS91cy1jZW50cmFsMS9maXJlc3RvcmVFbWFpbC9QX0RRdTRWbjJmZw 200
[debug] [2024-08-18T05:38:45.073Z] <<< [apiv2][body] GET https://cloudfunctions.googleapis.com/v1/operations/Yml0c2l0ZS05MzUzZS91cy1jZW50cmFsMS9maXJlc3RvcmVFbWFpbC9QX0RRdTRWbjJmZw {"name":"operations/Yml0c2l0ZS05MzUzZS91cy1jZW50cmFsMS9maXJlc3RvcmVFbWFpbC9QX0RRdTRWbjJmZw","metadata":{"@type":"type.googleapis.com/google.cloud.functions.v1.OperationMetadataV1","target":"projects/bitsite-9353e/locations/us-central1/functions/firestoreEmail","type":"UPDATE_FUNCTION","request":{"@type":"type.googleapis.com/google.cloud.functions.v1.CloudFunction","name":"projects/bitsite-9353e/locations/us-central1/functions/firestoreEmail","eventTrigger":{"eventType":"providers/cloud.firestore/eventTypes/document.update","resource":"projects/bitsite-9353e/databases/(default)/documents/users/{userId}","service":"firestore.googleapis.com"},"status":"ACTIVE","entryPoint":"firestoreEmail","updateTime":"2024-08-18T05:35:54.648Z","versionId":"31","labels":{"deployment-tool":"cli-firebase","firebase-functions-hash":"00b7207f1ff192a05843d61f17ca7daa030585f0"},"sourceUploadUrl":"https://storage.googleapis.com/uploads-1460896691.us-central1.cloudfunctions.appspot.com/272b1b87-47f2-4c28-8f4a-b594a83beb29.zip?GoogleAccessId=service-584640788324@gcf-admin-robot.iam.gserviceaccount.com&Expires=1723961284&Signature=hpQIgxl0idG4T9CVrrI%2B%2BJwt8IeAkShow0hBeS1IMnGi6nzDhfj9qCnFZByCZxmnHni8FNrKE4g4RKTwPiNKYBJBJiJ8jE8%2FgrwgDR64CLj6zhKpY90OG7Lga7TCH70h4%2BCNnWFKolHr5qlRpExV6sHdHHcgG53Q8sVbyB0wF7wELHIFPdn4EhPXbeOFDHfMPj70s7h6lXrxNiTw604bC7pqF5%2BKzEFvGz%2FQsHga2%2FuPzk65StyHqDH6BuuuXGjX%2FI40tD0dxpkzz8R9PTaBv2ABDmI%2FJSkw%2B9ES31EDP6b1ntXZ955pmEIlRm%2BVSrbp%2FhJOyOz0mF2K%2B7o8i5hhDQ%3D%3D","environmentVariables":{"FIREBASE_CONFIG":"{\"projectId\":\"bitsite-9353e\",\"storageBucket\":\"bitsite-9353e.appspot.com\",\"locationId\":\"europe-west\"}","GCLOUD_PROJECT":"bitsite-9353e","EVENTARC_CLOUD_EVENT_SOURCE":"projects/bitsite-9353e/locations/us-central1/functions/firestoreEmail"},"runtime":"nodejs18","buildId":"0a84659c-acaa-4e12-ad45-52d9c2a0a79b","buildEnvironmentVariables":{"GOOGLE_NODE_RUN_SCRIPTS":""},"buildName":"projects/584640788324/locations/us-central1/builds/0a84659c-acaa-4e12-ad45-52d9c2a0a79b","dockerRegistry":"ARTIFACT_REGISTRY","automaticUpdatePolicy":{},"buildServiceAccount":"584640788324-compute@developer.gserviceaccount.com"},"versionId":"32","updateTime":"2024-08-18T05:38:06Z","buildId":"6fdb59da-cdd9-4b52-a835-705b1d4dc9b8","sourceToken":"798b6f84-d9f2-4712-8145-72748bc16034","buildName":"projects/584640788324/locations/us-central1/builds/6fdb59da-cdd9-4b52-a835-705b1d4dc9b8"}}
[debug] [2024-08-18T05:38:45.073Z] Got source token 798b6f84-d9f2-4712-8145-72748bc16034 for region us-central1
[debug] [2024-08-18T05:38:45.073Z] >>> [apiv2][query] PATCH https://cloudfunctions.googleapis.com/v1/projects/bitsite-9353e/locations/us-central1/functions/sendContactMessageEmail updateMask=name%2CsourceUploadUrl%2CentryPoint%2Cruntime%2CdockerRegistry%2Clabels%2CeventTrigger.eventType%2CeventTrigger.resource%2CeventTrigger.failurePolicy%2CminInstances%2CmaxInstances%2CingressSettings%2CenvironmentVariables%2CserviceAccountEmail%2CavailableMemoryMb%2Ctimeout%2CvpcConnector%2CvpcConnectorEgressSettings%2CsourceToken%2CbuildEnvironmentVariables
[debug] [2024-08-18T05:38:45.073Z] >>> [apiv2][body] PATCH https://cloudfunctions.googleapis.com/v1/projects/bitsite-9353e/locations/us-central1/functions/sendContactMessageEmail {"name":"projects/bitsite-9353e/locations/us-central1/functions/sendContactMessageEmail","sourceUploadUrl":"https://storage.googleapis.com/uploads-1460896691.us-central1.cloudfunctions.appspot.com/272b1b87-47f2-4c28-8f4a-b594a83beb29.zip?GoogleAccessId=service-584640788324@gcf-admin-robot.iam.gserviceaccount.com&Expires=1723961284&Signature=hpQIgxl0idG4T9CVrrI%2B%2BJwt8IeAkShow0hBeS1IMnGi6nzDhfj9qCnFZByCZxmnHni8FNrKE4g4RKTwPiNKYBJBJiJ8jE8%2FgrwgDR64CLj6zhKpY90OG7Lga7TCH70h4%2BCNnWFKolHr5qlRpExV6sHdHHcgG53Q8sVbyB0wF7wELHIFPdn4EhPXbeOFDHfMPj70s7h6lXrxNiTw604bC7pqF5%2BKzEFvGz%2FQsHga2%2FuPzk65StyHqDH6BuuuXGjX%2FI40tD0dxpkzz8R9PTaBv2ABDmI%2FJSkw%2B9ES31EDP6b1ntXZ955pmEIlRm%2BVSrbp%2FhJOyOz0mF2K%2B7o8i5hhDQ%3D%3D","entryPoint":"sendContactMessageEmail","runtime":"nodejs18","dockerRegistry":"ARTIFACT_REGISTRY","labels":{"deployment-tool":"cli-firebase","firebase-functions-hash":"00b7207f1ff192a05843d61f17ca7daa030585f0"},"eventTrigger":{"eventType":"providers/cloud.firestore/eventTypes/document.create","resource":"projects/bitsite-9353e/databases/(default)/documents/contactMessages"},"minInstances":null,"maxInstances":null,"ingressSettings":null,"environmentVariables":{"FIREBASE_CONFIG":"{\"projectId\":\"bitsite-9353e\",\"storageBucket\":\"bitsite-9353e.appspot.com\",\"locationId\":\"europe-west\"}","GCLOUD_PROJECT":"bitsite-9353e","EVENTARC_CLOUD_EVENT_SOURCE":"projects/bitsite-9353e/locations/us-central1/functions/sendContactMessageEmail"},"serviceAccountEmail":null,"availableMemoryMb":null,"timeout":null,"vpcConnector":null,"vpcConnectorEgressSettings":null,"sourceToken":"798b6f84-d9f2-4712-8145-72748bc16034","buildEnvironmentVariables":{"GOOGLE_NODE_RUN_SCRIPTS":""}}
[debug] [2024-08-18T05:38:45.339Z] <<< [apiv2][status] PATCH https://cloudfunctions.googleapis.com/v1/projects/bitsite-9353e/locations/us-central1/functions/sendContactMessageEmail 400
[debug] [2024-08-18T05:38:45.339Z] <<< [apiv2][body] PATCH https://cloudfunctions.googleapis.com/v1/projects/bitsite-9353e/locations/us-central1/functions/sendContactMessageEmail {"error":{"code":400,"message":"event_trigger: Expected value contactMessages to match regular expression [^/]+/[^/]+(/[^/]+/[^/]+)*","status":"INVALID_ARGUMENT","details":[{"@type":"type.googleapis.com/google.rpc.BadRequest","fieldViolations":[{"field":"event_trigger","description":"Expected value contactMessages to match regular expression [^/]+/[^/]+(/[^/]+/[^/]+)*"}]}]}}
[warn] !  functions: failed to update function projects/bitsite-9353e/locations/us-central1/functions/sendContactMessageEmail 
[error] Failed to update function projects/bitsite-9353e/locations/us-central1/functions/sendContactMessageEmail
[debug] [2024-08-18T05:38:55.080Z] [update-default-us-central1-firestoreEmail] Retrying task index 0
[debug] [2024-08-18T05:38:55.081Z] >>> [apiv2][query] GET https://cloudfunctions.googleapis.com/v1/operations/Yml0c2l0ZS05MzUzZS91cy1jZW50cmFsMS9maXJlc3RvcmVFbWFpbC9QX0RRdTRWbjJmZw [none]
[debug] [2024-08-18T05:38:55.319Z] <<< [apiv2][status] GET https://cloudfunctions.googleapis.com/v1/operations/Yml0c2l0ZS05MzUzZS91cy1jZW50cmFsMS9maXJlc3RvcmVFbWFpbC9QX0RRdTRWbjJmZw 200
[debug] [2024-08-18T05:38:55.319Z] <<< [apiv2][body] GET https://cloudfunctions.googleapis.com/v1/operations/Yml0c2l0ZS05MzUzZS91cy1jZW50cmFsMS9maXJlc3RvcmVFbWFpbC9QX0RRdTRWbjJmZw {"name":"operations/Yml0c2l0ZS05MzUzZS91cy1jZW50cmFsMS9maXJlc3RvcmVFbWFpbC9QX0RRdTRWbjJmZw","metadata":{"@type":"type.googleapis.com/google.cloud.functions.v1.OperationMetadataV1","target":"projects/bitsite-9353e/locations/us-central1/functions/firestoreEmail","type":"UPDATE_FUNCTION","request":{"@type":"type.googleapis.com/google.cloud.functions.v1.CloudFunction","name":"projects/bitsite-9353e/locations/us-central1/functions/firestoreEmail","eventTrigger":{"eventType":"providers/cloud.firestore/eventTypes/document.update","resource":"projects/bitsite-9353e/databases/(default)/documents/users/{userId}","service":"firestore.googleapis.com"},"status":"ACTIVE","entryPoint":"firestoreEmail","updateTime":"2024-08-18T05:35:54.648Z","versionId":"31","labels":{"deployment-tool":"cli-firebase","firebase-functions-hash":"00b7207f1ff192a05843d61f17ca7daa030585f0"},"sourceUploadUrl":"https://storage.googleapis.com/uploads-1460896691.us-central1.cloudfunctions.appspot.com/272b1b87-47f2-4c28-8f4a-b594a83beb29.zip?GoogleAccessId=service-584640788324@gcf-admin-robot.iam.gserviceaccount.com&Expires=1723961284&Signature=hpQIgxl0idG4T9CVrrI%2B%2BJwt8IeAkShow0hBeS1IMnGi6nzDhfj9qCnFZByCZxmnHni8FNrKE4g4RKTwPiNKYBJBJiJ8jE8%2FgrwgDR64CLj6zhKpY90OG7Lga7TCH70h4%2BCNnWFKolHr5qlRpExV6sHdHHcgG53Q8sVbyB0wF7wELHIFPdn4EhPXbeOFDHfMPj70s7h6lXrxNiTw604bC7pqF5%2BKzEFvGz%2FQsHga2%2FuPzk65StyHqDH6BuuuXGjX%2FI40tD0dxpkzz8R9PTaBv2ABDmI%2FJSkw%2B9ES31EDP6b1ntXZ955pmEIlRm%2BVSrbp%2FhJOyOz0mF2K%2B7o8i5hhDQ%3D%3D","environmentVariables":{"FIREBASE_CONFIG":"{\"projectId\":\"bitsite-9353e\",\"storageBucket\":\"bitsite-9353e.appspot.com\",\"locationId\":\"europe-west\"}","GCLOUD_PROJECT":"bitsite-9353e","EVENTARC_CLOUD_EVENT_SOURCE":"projects/bitsite-9353e/locations/us-central1/functions/firestoreEmail"},"runtime":"nodejs18","buildId":"0a84659c-acaa-4e12-ad45-52d9c2a0a79b","buildEnvironmentVariables":{"GOOGLE_NODE_RUN_SCRIPTS":""},"buildName":"projects/584640788324/locations/us-central1/builds/0a84659c-acaa-4e12-ad45-52d9c2a0a79b","dockerRegistry":"ARTIFACT_REGISTRY","automaticUpdatePolicy":{},"buildServiceAccount":"584640788324-compute@developer.gserviceaccount.com"},"versionId":"32","updateTime":"2024-08-18T05:38:06Z","buildId":"6fdb59da-cdd9-4b52-a835-705b1d4dc9b8","sourceToken":"798b6f84-d9f2-4712-8145-72748bc16034","buildName":"projects/584640788324/locations/us-central1/builds/6fdb59da-cdd9-4b52-a835-705b1d4dc9b8"}}
[debug] [2024-08-18T05:38:55.319Z] Got source token 798b6f84-d9f2-4712-8145-72748bc16034 for region us-central1
